Performing C SOURCE FILE Test CMAKE_HAVE_LIBC_PTHREAD failed with the following output:
Change Dir: /home/pi/ros_at_ws/build/CMakeFiles/CMakeTmp

Run Build Command(s):/usr/bin/make -f Makefile cmTC_11098/fast && /usr/bin/make  -f CMakeFiles/cmTC_11098.dir/build.make CMakeFiles/cmTC_11098.dir/build
make[1]: Entering directory '/home/pi/ros_at_ws/build/CMakeFiles/CMakeTmp'
Building C object CMakeFiles/cmTC_11098.dir/src.c.o
/usr/bin/cc -DCMAKE_HAVE_LIBC_PTHREAD   -o CMakeFiles/cmTC_11098.dir/src.c.o -c /home/pi/ros_at_ws/build/CMakeFiles/CMakeTmp/src.c
Linking C executable cmTC_11098
/home/pi/.local/lib/python3.6/site-packages/cmake/data/bin/cmake -E cmake_link_script CMakeFiles/cmTC_11098.dir/link.txt --verbose=1
/usr/bin/cc -rdynamic CMakeFiles/cmTC_11098.dir/src.c.o -o cmTC_11098 
CMakeFiles/cmTC_11098.dir/src.c.o: In function `main':
src.c:(.text+0x48): undefined reference to `pthread_create'
src.c:(.text+0x50): undefined reference to `pthread_detach'
src.c:(.text+0x58): undefined reference to `pthread_cancel'
src.c:(.text+0x64): undefined reference to `pthread_join'
src.c:(.text+0x74): undefined reference to `pthread_atfork'
collect2: error: ld returned 1 exit status
CMakeFiles/cmTC_11098.dir/build.make:98: recipe for target 'cmTC_11098' failed
make[1]: *** [cmTC_11098] Error 1
make[1]: Leaving directory '/home/pi/ros_at_ws/build/CMakeFiles/CMakeTmp'
Makefile:127: recipe for target 'cmTC_11098/fast' failed
make: *** [cmTC_11098/fast] Error 2


Source file was:
#include <pthread.h>

static void* test_func(void* data)
{
  return data;
}

int main(void)
{
  pthread_t thread;
  pthread_create(&thread, NULL, test_func, NULL);
  pthread_detach(thread);
  pthread_cancel(thread);
  pthread_join(thread, NULL);
  pthread_atfork(NULL, NULL, NULL);
  pthread_exit(NULL);

  return 0;
}

Determining if the function pthread_create exists in the pthreads failed with the following output:
Change Dir: /home/pi/ros_at_ws/build/CMakeFiles/CMakeTmp

Run Build Command(s):/usr/bin/make -f Makefile cmTC_e89fc/fast && /usr/bin/make  -f CMakeFiles/cmTC_e89fc.dir/build.make CMakeFiles/cmTC_e89fc.dir/build
make[1]: Entering directory '/home/pi/ros_at_ws/build/CMakeFiles/CMakeTmp'
Building C object CMakeFiles/cmTC_e89fc.dir/CheckFunctionExists.c.o
/usr/bin/cc   -DCHECK_FUNCTION_EXISTS=pthread_create -o CMakeFiles/cmTC_e89fc.dir/CheckFunctionExists.c.o -c /home/pi/.local/lib/python3.6/site-packages/cmake/data/share/cmake-3.22/Modules/CheckFunctionExists.c
Linking C executable cmTC_e89fc
/home/pi/.local/lib/python3.6/site-packages/cmake/data/bin/cmake -E cmake_link_script CMakeFiles/cmTC_e89fc.dir/link.txt --verbose=1
/usr/bin/cc  -DCHECK_FUNCTION_EXISTS=pthread_create -rdynamic CMakeFiles/cmTC_e89fc.dir/CheckFunctionExists.c.o -o cmTC_e89fc  -lpthreads 
/usr/bin/ld: cannot find -lpthreads
collect2: error: ld returned 1 exit status
CMakeFiles/cmTC_e89fc.dir/build.make:98: recipe for target 'cmTC_e89fc' failed
make[1]: *** [cmTC_e89fc] Error 1
make[1]: Leaving directory '/home/pi/ros_at_ws/build/CMakeFiles/CMakeTmp'
Makefile:127: recipe for target 'cmTC_e89fc/fast' failed
make: *** [cmTC_e89fc/fast] Error 2



